This is pdfTeX, Version 3.14159265-2.6-1.40.17 (TeX Live 2016) (preloaded format=pdflatex 2016.10.1)  17 OCT 2016 10:04
entering extended mode
 restricted \write18 enabled.
 file:line:error style messages enabled.
 %&-line parsing enabled.
**\nonstopmode\nofiles\PassOptionsToPackage{active,tightpage,auctex}{preview}\A
tBeginDocument{\ifx\ifPreview\undefined\RequirePackage[displaymath,floats,graph
ics,textmath,sections,footnotes]{preview}[2004/11/05]\fi} \input _region_.tex
(./_region_.tex  !name(Algorithms.tex)
(/usr/local/texlive/2016/texmf-dist/tex/latex/base/article.cls
Document Class: article 2014/09/29 v1.4h Standard LaTeX document class
(/usr/local/texlive/2016/texmf-dist/tex/latex/base/size10.clo
File: size10.clo 2014/09/29 v1.4h Standard LaTeX file (size option)
)
\c@part=\count79
\c@section=\count80
\c@subsection=\count81
\c@subsubsection=\count82
\c@paragraph=\count83
\c@subparagraph=\count84
\c@figure=\count85
\c@table=\count86
\abovecaptionskip=\skip41
\belowcaptionskip=\skip42
\bibindent=\dimen102
)
(/usr/local/texlive/2016/texmf-dist/tex/latex/psnfss/times.sty
Package: times 2005/04/12 PSNFSS-v9.2a (SPQR) 
)
(/usr/local/texlive/2016/texmf-dist/tex/xelatex/xecjk/xeCJK.sty
(/usr/local/texlive/2016/texmf-dist/tex/latex/l3kernel/expl3.sty
Package: expl3 2016/05/18 v6512 L3 programming layer (loader) 

(/usr/local/texlive/2016/texmf-dist/tex/latex/l3kernel/expl3-code.tex
Package: expl3 2016/05/18 v6512 L3 programming layer (code)
L3 Module: l3bootstrap 2016/02/12 v6412 L3 Bootstrap code
L3 Module: l3names 2016/03/11 v6433 L3 Namespace for primitives
L3 Module: l3basics 2015/11/22 v6315 L3 Basic definitions
L3 Module: l3expan 2015/09/10 v5983 L3 Argument expansion
L3 Module: l3tl 2016/03/26 v6465 L3 Token lists
L3 Module: l3str 2016/03/24 v6441 L3 Strings
L3 Module: l3seq 2015/08/05 v5777 L3 Sequences and stacks
L3 Module: l3int 2016/03/24 v6441 L3 Integers
\c_max_int=\count87
\l_tmpa_int=\count88
\l_tmpb_int=\count89
\g_tmpa_int=\count90
\g_tmpb_int=\count91
L3 Module: l3quark 2015/08/17 v5855 L3 Quarks
L3 Module: l3prg 2015/11/01 v6216 L3 Control structures
\g__prg_map_int=\count92
L3 Module: l3clist 2015/09/02 v5901 L3 Comma separated lists
L3 Module: l3token 2016/04/03 v6470 L3 Experimental token manipulation
L3 Module: l3prop 2016/01/05 v6366 L3 Property lists
L3 Module: l3msg 2016/03/26 v6464 L3 Messages
L3 Module: l3file 2016/03/25 v6458 L3 File and I/O operations
\l_iow_line_count_int=\count93
\l__iow_target_count_int=\count94
\l__iow_current_line_int=\count95
\l__iow_current_word_int=\count96
\l__iow_current_indentation_int=\count97
L3 Module: l3skip 2016/01/05 v6366 L3 Dimensions and skips
\c_zero_dim=\dimen103
\c_max_dim=\dimen104
\l_tmpa_dim=\dimen105
\l_tmpb_dim=\dimen106
\g_tmpa_dim=\dimen107
\g_tmpb_dim=\dimen108
\c_zero_skip=\skip43
\c_max_skip=\skip44
\l_tmpa_skip=\skip45
\l_tmpb_skip=\skip46
\g_tmpa_skip=\skip47
\g_tmpb_skip=\skip48
\c_zero_muskip=\muskip10
\c_max_muskip=\muskip11
\l_tmpa_muskip=\muskip12
\l_tmpb_muskip=\muskip13
\g_tmpa_muskip=\muskip14
\g_tmpb_muskip=\muskip15
L3 Module: l3keys 2015/11/17 v6284 L3 Key-value interfaces
\g__keyval_level_int=\count98
\l_keys_choice_int=\count99
L3 Module: l3fp 2016/03/26 v6465 L3 Floating points
\c__fp_leading_shift_int=\count100
\c__fp_middle_shift_int=\count101
\c__fp_trailing_shift_int=\count102
\c__fp_big_leading_shift_int=\count103
\c__fp_big_middle_shift_int=\count104
\c__fp_big_trailing_shift_int=\count105
\c__fp_Bigg_leading_shift_int=\count106
\c__fp_Bigg_middle_shift_int=\count107
\c__fp_Bigg_trailing_shift_int=\count108
L3 Module: l3box 2015/08/09 v5822 L3 Experimental boxes
\c_empty_box=\box26
\l_tmpa_box=\box27
\l_tmpb_box=\box28
\g_tmpa_box=\box29
\g_tmpb_box=\box30
L3 Module: l3coffins 2016/05/17 v6508 L3 Coffin code layer
\l__coffin_internal_box=\box31
\l__coffin_internal_dim=\dimen109
\l__coffin_offset_x_dim=\dimen110
\l__coffin_offset_y_dim=\dimen111
\l__coffin_x_dim=\dimen112
\l__coffin_y_dim=\dimen113
\l__coffin_x_prime_dim=\dimen114
\l__coffin_y_prime_dim=\dimen115
\c_empty_coffin=\box32
\l__coffin_aligned_coffin=\box33
\l__coffin_aligned_internal_coffin=\box34
\l_tmpa_coffin=\box35
\l_tmpb_coffin=\box36
\l__coffin_display_coffin=\box37
\l__coffin_display_coord_coffin=\box38
\l__coffin_display_pole_coffin=\box39
\l__coffin_display_offset_dim=\dimen116
\l__coffin_display_x_dim=\dimen117
\l__coffin_display_y_dim=\dimen118
L3 Module: l3color 2014/08/23 v5354 L3 Experimental color support
L3 Module: l3sys 2015/09/25 v6087 L3 Experimental system/runtime functions
L3 Module: l3candidates 2016/05/13 v6484 L3 Experimental additions to l3kernel
\l__box_top_dim=\dimen119
\l__box_bottom_dim=\dimen120
\l__box_left_dim=\dimen121
\l__box_right_dim=\dimen122
\l__box_top_new_dim=\dimen123
\l__box_bottom_new_dim=\dimen124
\l__box_left_new_dim=\dimen125
\l__box_right_new_dim=\dimen126
\l__box_internal_box=\box40
\l__coffin_bounding_shift_dim=\dimen127
\l__coffin_left_corner_dim=\dimen128
\l__coffin_right_corner_dim=\dimen129
\l__coffin_bottom_corner_dim=\dimen130
\l__coffin_top_corner_dim=\dimen131
\l__coffin_scaled_total_height_dim=\dimen132
\l__coffin_scaled_width_dim=\dimen133
L3 Module: l3luatex 2016/03/26 v6465 L3 Experimental LuaTeX-specific functions
)
(/usr/local/texlive/2016/texmf-dist/tex/latex/l3kernel/l3pdfmode.def
File: l3pdfmode.def 2016/03/26 v6465 L3 Experimental driver: PDF mode
\l__driver_color_stack_int=\count109
\l__driver_tmp_box=\box41
))
Package: xeCJK 2016/05/14 v3.4.0 Typesetting CJK scripts with XeLaTeX


!!!!!!!!!!!!!!!!!!!!!!!!!!!!!!!!!!!!!!!!!!!!!!!!
!
/usr/local/texlive/2016/texmf-dist/tex/xelatex/xecjk/xeCJK.sty:43: Critical xeC
JK error: "Require-XeTeX"
! 
! The xeCJK package requires XeTeX to function.
! 
! You must change your typesetting engine to "xelatex"
! instead of plain "latex" or "pdflatex" or "lualatex".
! Loading xeCJK will abort!
! 
! See the xeCJK documentation for further information.
! 
! For immediate help type H <return>.
!...............................................  
                                                  
l.43 ..._critical:nn { xeCJK } { Require-XeTeX } }
                                                  
|'''''''''''''''''''''''''''''''''''''''''''''''
| Reading the current file 'expl3' will stop.
|...............................................

) (/usr/local/texlive/2016/texmf-dist/tex/latex/graphics/graphicx.sty
Package: graphicx 2014/10/28 v1.0g Enhanced LaTeX Graphics (DPC,SPQR)

(/usr/local/texlive/2016/texmf-dist/tex/latex/graphics/keyval.sty
Package: keyval 2014/10/28 v1.15 key=value parser (DPC)
\KV@toks@=\toks14
)
(/usr/local/texlive/2016/texmf-dist/tex/latex/graphics/graphics.sty
Package: graphics 2016/05/09 v1.0r Standard LaTeX Graphics (DPC,SPQR)

(/usr/local/texlive/2016/texmf-dist/tex/latex/graphics/trig.sty
Package: trig 2016/01/03 v1.10 sin cos tan (DPC)
)
(/usr/local/texlive/2016/texmf-dist/tex/latex/graphics-cfg/graphics.cfg
File: graphics.cfg 2016/01/02 v1.10 sample graphics configuration
)
Package graphics Info: Driver file: pdftex.def on input line 96.

(/usr/local/texlive/2016/texmf-dist/tex/latex/pdftex-def/pdftex.def
File: pdftex.def 2011/05/27 v0.06d Graphics/color for pdfTeX

(/usr/local/texlive/2016/texmf-dist/tex/generic/oberdiek/infwarerr.sty
Package: infwarerr 2016/05/16 v1.4 Providing info/warning/error messages (HO)
)
(/usr/local/texlive/2016/texmf-dist/tex/generic/oberdiek/ltxcmds.sty
Package: ltxcmds 2016/05/16 v1.23 LaTeX kernel commands for general use (HO)
)
\Gread@gobject=\count110
))
\Gin@req@height=\dimen134
\Gin@req@width=\dimen135
)
No file _region_.aux.
LaTeX Font Info:    Checking defaults for OML/cmm/m/it on input line 7.
LaTeX Font Info:    ... okay on input line 7.
LaTeX Font Info:    Checking defaults for T1/cmr/m/n on input line 7.
LaTeX Font Info:    ... okay on input line 7.
LaTeX Font Info:    Checking defaults for OT1/cmr/m/n on input line 7.
LaTeX Font Info:    ... okay on input line 7.
LaTeX Font Info:    Checking defaults for OMS/cmsy/m/n on input line 7.
LaTeX Font Info:    ... okay on input line 7.
LaTeX Font Info:    Checking defaults for OMX/cmex/m/n on input line 7.
LaTeX Font Info:    ... okay on input line 7.
LaTeX Font Info:    Checking defaults for U/cmr/m/n on input line 7.
LaTeX Font Info:    ... okay on input line 7.
LaTeX Font Info:    Try loading font information for OT1+ptm on input line 7.
(/usr/local/texlive/2016/texmf-dist/tex/latex/psnfss/ot1ptm.fd
File: ot1ptm.fd 2001/06/04 font definitions for OT1/ptm.
)
(/Users/guozhen/.emacs.d/elpa/auctex-11.89.5/latex/preview.sty
Package: preview 2010/02/14 11.89 (AUCTeX/preview-latex)

(/Users/guozhen/.emacs.d/elpa/auctex-11.89.5/latex/prtightpage.def
\PreviewBorder=\dimen136
)
(/Users/guozhen/.emacs.d/elpa/auctex-11.89.5/latex/prauctex.def
No auxiliary output files.


\hbadness=\count111
\hfuzz=\dimen137
(/Users/guozhen/.emacs.d/elpa/auctex-11.89.5/latex/prauctex.cfg))
(/Users/guozhen/.emacs.d/elpa/auctex-11.89.5/latex/prfootnotes.def)
\pr@snippet=\count112
\pr@box=\box42
\pr@output=\toks15

Preview: Fontsize 10pt
Preview: PDFoutput 1
) (/usr/local/texlive/2016/texmf-dist/tex/context/base/mkii/supp-pdf.mkii
[Loading MPS to PDF converter (version 2006.09.02).]
\scratchcounter=\count113
\scratchdimen=\dimen138
\scratchbox=\box43
\nofMPsegments=\count114
\nofMParguments=\count115
\everyMPshowfont=\toks16
\MPscratchCnt=\count116
\MPscratchDim=\dimen139
\MPnumerator=\count117
\makeMPintoPDFobject=\count118
\everyMPtoPDFconversion=\toks17
) (/usr/local/texlive/2016/texmf-dist/tex/generic/oberdiek/pdftexcmds.sty
Package: pdftexcmds 2016/05/10 v0.21 Utility functions of pdfTeX for LuaTeX (HO
)

(/usr/local/texlive/2016/texmf-dist/tex/generic/oberdiek/ifluatex.sty
Package: ifluatex 2016/05/16 v1.4 Provides the ifluatex switch (HO)
Package ifluatex Info: LuaTeX not detected.
)
(/usr/local/texlive/2016/texmf-dist/tex/generic/oberdiek/ifpdf.sty
Package: ifpdf 2016/05/14 v3.1 Provides the ifpdf switch
)
Package pdftexcmds Info: LuaTeX not detected.
Package pdftexcmds Info: \pdf@primitive is available.
Package pdftexcmds Info: \pdf@ifprimitive is available.
Package pdftexcmds Info: \pdfdraftmode found.
)
(/usr/local/texlive/2016/texmf-dist/tex/latex/oberdiek/epstopdf-base.sty
Package: epstopdf-base 2016/05/15 v2.6 Base part for package epstopdf

(/usr/local/texlive/2016/texmf-dist/tex/latex/oberdiek/grfext.sty
Package: grfext 2016/05/16 v1.2 Manage graphics extensions (HO)

(/usr/local/texlive/2016/texmf-dist/tex/generic/oberdiek/kvdefinekeys.sty
Package: kvdefinekeys 2016/05/16 v1.4 Define keys (HO)
))
(/usr/local/texlive/2016/texmf-dist/tex/latex/oberdiek/kvoptions.sty
Package: kvoptions 2016/05/16 v3.12 Key value format for package options (HO)

(/usr/local/texlive/2016/texmf-dist/tex/generic/oberdiek/kvsetkeys.sty
Package: kvsetkeys 2016/05/16 v1.17 Key value parser (HO)

(/usr/local/texlive/2016/texmf-dist/tex/generic/oberdiek/etexcmds.sty
Package: etexcmds 2016/05/16 v1.6 Avoid name clashes with e-TeX commands (HO)
Package etexcmds Info: Could not find \expanded.
(etexcmds)             That can mean that you are not using pdfTeX 1.50 or
(etexcmds)             that some package has redefined \expanded.
(etexcmds)             In the latter case, load this package earlier.
)))
Package grfext Info: Graphics extension search list:
(grfext)             [.png,.pdf,.jpg,.mps,.jpeg,.jbig2,.jb2,.PNG,.PDF,.JPG,.JPE
G,.JBIG2,.JB2,.eps]
(grfext)             \AppendGraphicsExtensions on input line 456.

(/usr/local/texlive/2016/texmf-dist/tex/latex/latexconfig/epstopdf-sys.cfg
File: epstopdf-sys.cfg 2010/07/13 v1.3 Configuration of (r)epstopdf for TeX Liv
e
))
 !name(Algorithms.tex) !offset(-3) 
LaTeX Font Info:    External font `cmex10' loaded for size
(Font)              <12> on input line 14.
LaTeX Font Info:    External font `cmex10' loaded for size
(Font)              <8> on input line 14.
LaTeX Font Info:    External font `cmex10' loaded for size
(Font)              <6> on input line 14.

./_region_.tex:16: Preview: Snippet 1 started.
<-><->
      
l.16 \section
             {Formula}
Not a real error.

LaTeX Font Info:    Font shape `OT1/ptm/bx/n' in size <14.4> not available
(Font)              Font shape `OT1/ptm/b/n' tried instead on input line 16.
Preview: Tightpage -32891 -32891 32891 32891
./_region_.tex:16: Preview: Snippet 1 ended.(650217+13207x22609920).
<-><->
      
l.16 \section{Formula}
                      
Not a real error.

[1{/usr/local/texlive/2016/texmf-var/fonts/map/pdftex/updmap/pdftex.map}

]
LaTeX Font Info:    Try loading font information for OMS+ptm on input line 20.

(/usr/local/texlive/2016/texmf-dist/tex/latex/psnfss/omsptm.fd
File: omsptm.fd 
)
LaTeX Font Info:    Font shape `OMS/ptm/m/n' in size <10> not available
(Font)              Font shape `OMS/cmsy/m/n' tried instead on input line 20.
Missing character: There is no Ë in font ptmr7t!
Missing character: There is no ∞ in font ptmr7t!
Missing character: There is no É in font ptmr7t!
Missing character: There is no Â in font ptmr7t!
Missing character: There is no í in font ptmr7t!
Missing character: There is no å in font ptmr7t!
Missing character: There is no Á in font ptmr7t!
Missing character: There is no ∫ in font ptmr7t!
Missing character: There is no ß in font ptmr7t!
Missing character: There is no Ê in font ptmr7t!
Missing character: There is no ï in font ptmr7t!
Missing character: There is no ∞ in font ptmr7t!
Missing character: There is no Ê in font ptmr7t!
Missing character: There is no ± in font ptmr7t!
Missing character: There is no Ç in font ptmr7t!
Missing character: There is no Â in font ptmr7t!
Missing character: There is no í in font ptmr7t!
Missing character: There is no å in font ptmr7t!
Missing character: There is no Ô in font ptmr7t!
Missing character: There is no º in font ptmr7t!
Missing character: There is no ö in font ptmr7t!

./_region_.tex:20: Preview: Snippet 2 started.
<-><->
      
l.20 \item Ë∞ÉÂíåÁ∫ßÊï∞Ê±ÇÂíåÔºö$
                                 H_n=1+1/2+1/3+1/4 \cdots +1/N \sim lnN$
Not a real error.

LaTeX Font Info:    External font `cmex10' loaded for size
(Font)              <7> on input line 20.
LaTeX Font Info:    External font `cmex10' loaded for size
(Font)              <5> on input line 20.
./_region_.tex:20: Preview: Snippet 2 ended.(491520+163840x12420484).
<-><->
      
l.20 ...ºö$H_n=1+1/2+1/3+1/4 \cdots +1/N \sim lnN$
                                                  
Not a real error.

[2]
Missing character: There is no Á in font ptmr7t!
Missing character: There is no ≠ in font ptmr7t!
Missing character: There is no â in font ptmr7t!
Missing character: There is no Â in font ptmr7t!
Missing character: There is no ∑ in font ptmr7t!
Missing character: There is no Æ in font ptmr7t!
Missing character: There is no Ê in font ptmr7t!
Missing character: There is no ï in font ptmr7t!
Missing character: There is no ∞ in font ptmr7t!
Missing character: There is no Â in font ptmr7t!
Missing character: There is no à in font ptmr7t!
Missing character: There is no ó in font ptmr7t!
Missing character: There is no Ê in font ptmr7t!
Missing character: There is no ± in font ptmr7t!
Missing character: There is no Ç in font ptmr7t!
Missing character: There is no Â in font ptmr7t!
Missing character: There is no í in font ptmr7t!
Missing character: There is no å in font ptmr7t!
Missing character: There is no Ô in font ptmr7t!
Missing character: There is no º in font ptmr7t!
Missing character: There is no ö in font ptmr7t!

./_region_.tex:21: Preview: Snippet 3 started.
<-><->
      
l.21 \item Á≠âÂ∑ÆÊï∞ÂàóÊ±ÇÂíåÔºö$
                                 1+2+3+4+ \cdots +N \sim N^2/2$
Not a real error.

./_region_.tex:21: Preview: Snippet 3 ended.(533465+163840x9099456).
<-><->
      
l.21 ...àóÊ±ÇÂíåÔºö$1+2+3+4+ \cdots +N \sim N^2/2$
                                                  
Not a real error.

[3]
Missing character: There is no Á in font ptmr7t!
Missing character: There is no ≠ in font ptmr7t!
Missing character: There is no â in font ptmr7t!
Missing character: There is no Ê in font ptmr7t!
Missing character: There is no Ø in font ptmr7t!
Missing character: There is no î in font ptmr7t!
Missing character: There is no Ê in font ptmr7t!
Missing character: There is no ï in font ptmr7t!
Missing character: There is no ∞ in font ptmr7t!
Missing character: There is no Â in font ptmr7t!
Missing character: There is no à in font ptmr7t!
Missing character: There is no ó in font ptmr7t!
Missing character: There is no Ê in font ptmr7t!
Missing character: There is no ± in font ptmr7t!
Missing character: There is no Ç in font ptmr7t!
Missing character: There is no Â in font ptmr7t!
Missing character: There is no í in font ptmr7t!
Missing character: There is no å in font ptmr7t!
Missing character: There is no Ô in font ptmr7t!
Missing character: There is no º in font ptmr7t!
Missing character: There is no ö in font ptmr7t!

./_region_.tex:22: Preview: Snippet 4 started.
<-><->
      
l.22 \item Á≠âÊØîÊï∞ÂàóÊ±ÇÂíåÔºö$
                                 1+2+4+8+ \cdots +N \sim 2N$ÔºåÂÖ∂‰∏≠ $N=2^n$
Not a real error.

./_region_.tex:22: Preview: Snippet 4 ended.(447828+54613x8477772).
<-><->
      
l.22 ...ï∞ÂàóÊ±ÇÂíåÔºö$1+2+4+8+ \cdots +N \sim 2N$
                                                  ÔºåÂÖ∂‰∏≠ $N=2^n$
Not a real error.

[4]
Missing character: There is no Ô in font ptmr7t!
Missing character: There is no º in font ptmr7t!
Missing character: There is no å in font ptmr7t!
Missing character: There is no Â in font ptmr7t!
Missing character: There is no Ö in font ptmr7t!
Missing character: There is no ∂ in font ptmr7t!
Missing character: There is no ‰ in font ptmr7t!
Missing character: There is no ∏ in font ptmr7t!
Missing character: There is no ≠ in font ptmr7t!

./_region_.tex:22: Preview: Snippet 5 started.
<-><->
      
l.22 ...Ôºö$1+2+4+8+ \cdots +N \sim 2N$ÔºåÂÖ∂‰∏≠ $
                                                  N=2^n$
Not a real error.

./_region_.tex:22: Preview: Snippet 5 ended.(447828+0x2156235).
<-><->
      
l.22 ...2+4+8+ \cdots +N \sim 2N$ÔºåÂÖ∂‰∏≠ $N=2^n$
                                                  
Not a real error.

[5]
Missing character: There is no Ê in font ptmr7t!
Missing character: There is no ñ in font ptmr7t!
Missing character: There is no Ø in font ptmr7t!
Missing character: There is no Á in font ptmr7t!
Missing character: There is no â in font ptmr7t!
Missing character: There is no π in font ptmr7t!
Missing character: There is no Á in font ptmr7t!
Missing character: There is no Å in font ptmr7t!
Missing character: There is no µ in font ptmr7t!
Missing character: There is no Â in font ptmr7t!
Missing character: There is no Ö in font ptmr7t!
Missing character: There is no ¨ in font ptmr7t!
Missing character: There is no Â in font ptmr7t!
Missing character: There is no º in font ptmr7t!
Missing character: There is no è in font ptmr7t!
Missing character: There is no Ô in font ptmr7t!
Missing character: There is no º in font ptmr7t!
Missing character: There is no ö in font ptmr7t!

./_region_.tex:23: Preview: Snippet 6 started.
<-><->
      
l.23 \item ÊñØÁâπÁÅµÂÖ¨ÂºèÔºö$
                              lgN!=lg1+lg2+lg3+lg4+ \cdots +lgN \sim NlgN$
Not a real error.

./_region_.tex:23: Preview: Snippet 6 ended.(455111+127431x14213757).
<-><->
      
l.23 ...N!=lg1+lg2+lg3+lg4+ \cdots +lgN \sim NlgN$
                                                  
Not a real error.

[6]
Missing character: There is no ‰ in font ptmr7t!
Missing character: There is no ∫ in font ptmr7t!
Missing character: There is no å in font ptmr7t!
Missing character: There is no È in font ptmr7t!
Missing character: There is no ° in font ptmr7t!
Missing character: There is no π in font ptmr7t!
Missing character: There is no Â in font ptmr7t!
Missing character: There is no º in font ptmr7t!
Missing character: There is no è in font ptmr7t!
Missing character: There is no Á in font ptmr7t!
Missing character: There is no ≥ in font ptmr7t!
Missing character: There is no ª in font ptmr7t!
Missing character: There is no Ê in font ptmr7t!
Missing character: There is no ï in font ptmr7t!
Missing character: There is no ∞ in font ptmr7t!
Missing character: There is no Ô in font ptmr7t!
Missing character: There is no º in font ptmr7t!
Missing character: There is no ö in font ptmr7t!

./_region_.tex:24: Preview: Snippet 7 started.
<-><->
      
l.24 \item ‰∫åÈ°πÂºèÁ≥ªÊï∞Ôºö$
                              \binom{N}{k} \sim N^k/k!$, ÂÖ∂‰∏≠k‰∏∫Â∞èÂ∏∏Êï∞
Not a real error.

./_region_.tex:24: Undefined control sequence.
<recently read> \binom 
                       
l.24 \item ‰∫åÈ°πÂºèÁ≥ªÊï∞Ôºö$\binom
                                    {N}{k} \sim N^k/k!$, ÂÖ∂‰∏≠k‰∏∫Â∞èÂ∏∏Êï∞
The control sequence at the end of the top line
of your error message was never \def'ed. If you have
misspelled it (e.g., `\hobx'), type `I' and the correct
spelling (e.g., `I\hbox'). Otherwise just continue,
and I'll forget about whatever was undefined.

./_region_.tex:24: Preview: Snippet 7 ended.(556402+163840x3625636).
<-><->
      
l.24 ...åÈ°πÂºèÁ≥ªÊï∞Ôºö$\binom{N}{k} \sim N^k/k!$
                                                  , ÂÖ∂‰∏≠k‰∏∫Â∞èÂ∏∏Êï∞
Not a real error.

[7]
Missing character: There is no Â in font ptmr7t!
Missing character: There is no Ö in font ptmr7t!
Missing character: There is no ∂ in font ptmr7t!
Missing character: There is no ‰ in font ptmr7t!
Missing character: There is no ∏ in font ptmr7t!
Missing character: There is no ≠ in font ptmr7t!
Missing character: There is no ‰ in font ptmr7t!
Missing character: There is no ∏ in font ptmr7t!
Missing character: There is no ∫ in font ptmr7t!
Missing character: There is no Â in font ptmr7t!
Missing character: There is no ∞ in font ptmr7t!
Missing character: There is no è in font ptmr7t!
Missing character: There is no Â in font ptmr7t!
Missing character: There is no ∏ in font ptmr7t!
Missing character: There is no ∏ in font ptmr7t!
Missing character: There is no Ê in font ptmr7t!
Missing character: There is no ï in font ptmr7t!
Missing character: There is no ∞ in font ptmr7t!
Missing character: There is no Ê in font ptmr7t!
Missing character: There is no å in font ptmr7t!
Missing character: There is no á in font ptmr7t!
Missing character: There is no Ê in font ptmr7t!
Missing character: There is no ï in font ptmr7t!
Missing character: There is no ∞ in font ptmr7t!
Missing character: There is no Â in font ptmr7t!
Missing character: There is no á in font ptmr7t!
Missing character: There is no Ω in font ptmr7t!
Missing character: There is no Ê in font ptmr7t!
Missing character: There is no ï in font ptmr7t!
Missing character: There is no ∞ in font ptmr7t!
Missing character: There is no Ô in font ptmr7t!
Missing character: There is no º in font ptmr7t!
Missing character: There is no ö in font ptmr7t!

./_region_.tex:25: Preview: Snippet 8 started.
<-><->
      
l.25 \item ÊåáÊï∞ÂáΩÊï∞Ôºö$
                           (1-1/x)^x \sim 1/e$
Not a real error.

./_region_.tex:25: Preview: Snippet 8 ended.(491520+163840x4832592).
<-><->
      
l.25 \item ÊåáÊï∞ÂáΩÊï∞Ôºö$(1-1/x)^x \sim 1/e$
                                              
Not a real error.

[8]
./_region_.tex:28: Preview: Snippet 9 started.
<-><->
      
l.28 \begin{figure}
                   
Not a real error.

<chart.jpeg, id=34, 1509.64pt x 2517.405pt>
File: chart.jpeg Graphic file (type jpg)
 <use chart.jpeg>
Package pdftex.def Info: chart.jpeg used on input line 30.
(pdftex.def)             Requested size: 227.62204pt x 379.5535pt.

./_region_.tex:31: Preview: Snippet 9 ended.(24874418+0x14917438).
<-><->
      
l.31 \end{figure}
                 
Not a real error.

[9 <./chart.jpeg>] ) 
Here is how much of TeX's memory you used:
 8364 strings out of 493014
 158717 string characters out of 6133351
 175683 words of memory out of 5000000
 11873 multiletter control sequences out of 15000+600000
 10030 words of font info for 29 fonts, out of 8000000 for 9000
 1141 hyphenation exceptions out of 8191
 37i,6n,40p,10657b,275s stack positions out of 5000i,500n,10000p,200000b,80000s
{/usr/local/texlive/2016/texmf-dist/fonts/enc/dvips/base/8r
.enc}</usr/local/texlive/2016/texmf-dist/fonts/type1/public/amsfonts/cm/cmmi10.
pfb></usr/local/texlive/2016/texmf-dist/fonts/type1/public/amsfonts/cm/cmmi7.pf
b></usr/local/texlive/2016/texmf-dist/fonts/type1/public/amsfonts/cm/cmr10.pfb>
</usr/local/texlive/2016/texmf-dist/fonts/type1/public/amsfonts/cm/cmr7.pfb></u
sr/local/texlive/2016/texmf-dist/fonts/type1/public/amsfonts/cm/cmsy10.pfb></us
r/local/texlive/2016/texmf-dist/fonts/type1/urw/times/utmb8a.pfb>
Output written on _region_.pdf (9 pages, 301189 bytes).
PDF statistics:
 60 PDF objects out of 1000 (max. 8388607)
 41 compressed objects within 1 object stream
 0 named destinations out of 1000 (max. 500000)
 6 words of extra memory for PDF output out of 10000 (max. 10000000)

