mktextfm SimSun/OT
mktextfm SimSun/OT
mktextfm SimSun/OT
mktextfm SimSun/BI/OT
mktextfm SimSun/OT
mktextfm SimSun/OT
mktextfm SimSun/OT
mktextfm STKaiti/OT
mktextfm STKaiti/B/OT
mktextfm STHeiti/OT
mktextfm STHeiti/I/OT
mktextfm STHeiti/OT
mktextfm STHeiti/OT
mktextfm STKaiti/OT
mktextfm STKaiti/B/OT
mktextfm STHeiti/OT
mktextfm STHeiti/I/OT
mktextfm STHeiti/OT
mktextfm STHeiti/OT
mktextfm STKaiti/OT
mktextfm STKaiti/B/OT
mktextfm STHeiti/OT
mktextfm STHeiti/I/OT
mktextfm STHeiti/OT
mktextfm STHeiti/OT
mktextfm STKaiti/OT
mktextfm STKaiti/B/OT
mktextfm STHeiti/OT
mktextfm STHeiti/I/OT
mktextfm STHeiti/OT
mktextfm STHeiti/OT
mktextfm STKaiti/OT
mktextfm STKaiti/B/OT
mktextfm STHeiti/OT
mktextfm STHeiti/I/OT
mktextfm STHeiti/OT
mktextfm STHeiti/OT
